[3.908s] Invoking command in '/home/ed/ros2_ws/build/v4l2_camera': CMAKE_PREFIX_PATH=/home/ed/ros2_ws/install/opencv_tools:/home/ed/ros2_ws/install/smartcart_controller:/home/ed/ros2_ws/src/install/smartcart_controller:/opt/ros/humble /usr/bin/cmake --build /home/ed/ros2_ws/build/v4l2_camera -- -j4 -l4
[4.157s] [35m[1mConsolidate compiler generated dependencies of target v4l2_camera[0m
[4.275s] [ 14%] [32mBuilding CXX object CMakeFiles/v4l2_camera.dir/src/v4l2_camera.cpp.o[0m
[28.582s] In file included from [01m[K/opt/ros/humble/include/rclcpp/rclcpp/logging.hpp:24[m[K,
[28.583s]                  from [01m[K/opt/ros/humble/include/rclcpp/rclcpp/client.hpp:40[m[K,
[28.585s]                  from [01m[K/opt/ros/humble/include/rclcpp/rclcpp/callback_group.hpp:24[m[K,
[28.610s]                  from [01m[K/opt/ros/humble/include/rclcpp/rclcpp/node.hpp:40[m[K,
[28.611s]                  from [01m[K/opt/ros/humble/include/camera_info_manager/camera_info_manager/camera_info_manager.hpp:45[m[K,
[28.620s]                  from [01m[K/home/ed/ros2_ws/src/ros2_v4l2_camera/include/v4l2_camera/v4l2_camera.hpp:20[m[K,
[28.622s]                  from [01m[K/home/ed/ros2_ws/src/ros2_v4l2_camera/src/v4l2_camera.cpp:15[m[K:
[28.637s] [01m[K/home/ed/ros2_ws/src/ros2_v4l2_camera/src/v4l2_camera.cpp:[m[K In member function â€˜[01m[Kbool v4l2_camera::V4L2Camera::requestImageSize(const std::vector<long int, std::allocator<long int> >&)[m[Kâ€™:
[28.641s] [01m[K/home/ed/ros2_ws/src/ros2_v4l2_camera/src/v4l2_camera.cpp:365:7:[m[K [01;31m[Kerror: [m[Kformat â€˜[01m[K%d[m[Kâ€™ expects argument of type â€˜[01m[Kint[m[Kâ€™, but argument 5 has type â€˜[01m[Kstd::vector<long int, std::allocator<long int> >::size_type[m[Kâ€™ {aka â€˜[01m[Klong unsigned int[m[Kâ€™} [[01;31m[K]8;;https://gcc.gnu.org/onlinedocs/gcc/Warning-Options.html#index-Wformat=-Werror=format=]8;;[m[K]
[28.642s]   365 |       [01;31m[K"Invalid image size; expected dimensions: 2, actual: %d"[m[K,
[28.643s]       |       [01;31m[K^~~~~~~~~~~~~~~~~~~~~~~~~~~~~~~~~~~~~~~~~~~~~~~~~~~~~~~~[m[K
[28.663s]   366 |       [32m[Ksize.size()[m[K);
[28.668s]       |       [32m[K~~~~~~~~~~~[m[K
[28.670s]       |                [32m[K|[m[K
[28.694s]       |                [32m[Kstd::vector<long int, std::allocator<long int> >::size_type {aka long unsigned int}[m[K
[28.704s] [01m[K/home/ed/ros2_ws/src/ros2_v4l2_camera/src/v4l2_camera.cpp:365:61:[m[K [01;36m[Knote: [m[Kformat string is defined here
[28.705s]   365 |       "Invalid image size; expected dimensions: 2, actual: [01;36m[K%d[m[K",
[28.706s]       |                                                            [01;36m[K~^[m[K
[28.707s]       |                                                             [01;36m[K|[m[K
[28.744s]       |                                                             [01;36m[Kint[m[K
[28.746s]       |                                                            [32m[K%ld[m[K
[28.747s] In file included from [01m[K/opt/ros/humble/include/rclcpp/rclcpp/logging.hpp:24[m[K,
[28.752s]                  from [01m[K/opt/ros/humble/include/rclcpp/rclcpp/client.hpp:40[m[K,
[28.753s]                  from [01m[K/opt/ros/humble/include/rclcpp/rclcpp/callback_group.hpp:24[m[K,
[28.754s]                  from [01m[K/opt/ros/humble/include/rclcpp/rclcpp/node.hpp:40[m[K,
[28.756s]                  from [01m[K/opt/ros/humble/include/camera_info_manager/camera_info_manager/camera_info_manager.hpp:45[m[K,
[28.768s]                  from [01m[K/home/ed/ros2_ws/src/ros2_v4l2_camera/include/v4l2_camera/v4l2_camera.hpp:20[m[K,
[28.769s]                  from [01m[K/home/ed/ros2_ws/src/ros2_v4l2_camera/src/v4l2_camera.cpp:15[m[K:
[28.771s] [01m[K/home/ed/ros2_ws/src/ros2_v4l2_camera/src/v4l2_camera.cpp:[m[K In member function â€˜[01m[Kbool v4l2_camera::V4L2Camera::requestTimePerFrame(const TimePerFrame&)[m[Kâ€™:
[28.776s] [01m[K/home/ed/ros2_ws/src/ros2_v4l2_camera/src/v4l2_camera.cpp:386:7:[m[K [01;31m[Kerror: [m[Kformat â€˜[01m[K%d[m[Kâ€™ expects argument of type â€˜[01m[Kint[m[Kâ€™, but argument 5 has type â€˜[01m[Kstd::vector<long int, std::allocator<long int> >::size_type[m[Kâ€™ {aka â€˜[01m[Klong unsigned int[m[Kâ€™} [[01;31m[K]8;;https://gcc.gnu.org/onlinedocs/gcc/Warning-Options.html#index-Wformat=-Werror=format=]8;;[m[K]
[28.777s]   386 |       [01;31m[K"Invalid time per frame; expected dimensions: 2, actual: %d"[m[K,
[28.777s]       |       [01;31m[K^~~~~~~~~~~~~~~~~~~~~~~~~~~~~~~~~~~~~~~~~~~~~~~~~~~~~~~~~~~~[m[K
[28.778s]   387 |       [32m[Ktpf.size()[m[K);
[28.779s]       |       [32m[K~~~~~~~~~~[m[K
[28.780s]       |               [32m[K|[m[K
[28.781s]       |               [32m[Kstd::vector<long int, std::allocator<long int> >::size_type {aka long unsigned int}[m[K
[28.781s] [01m[K/home/ed/ros2_ws/src/ros2_v4l2_camera/src/v4l2_camera.cpp:386:65:[m[K [01;36m[Knote: [m[Kformat string is defined here
[28.782s]   386 |       "Invalid time per frame; expected dimensions: 2, actual: [01;36m[K%d[m[K",
[28.783s]       |                                                                [01;36m[K~^[m[K
[28.786s]       |                                                                 [01;36m[K|[m[K
[28.787s]       |                                                                 [01;36m[Kint[m[K
[28.788s]       |                                                                [32m[K%ld[m[K
[63.714s] cc1plus: all warnings being treated as errors
[63.901s] gmake[2]: *** [CMakeFiles/v4l2_camera.dir/build.make:76: CMakeFiles/v4l2_camera.dir/src/v4l2_camera.cpp.o] Error 1
[63.925s] gmake[1]: *** [CMakeFiles/Makefile2:141: CMakeFiles/v4l2_camera.dir/all] Error 2
[63.925s] gmake: *** [Makefile:146: all] Error 2
[63.927s] Invoked command in '/home/ed/ros2_ws/build/v4l2_camera' returned '2': CMAKE_PREFIX_PATH=/home/ed/ros2_ws/install/opencv_tools:/home/ed/ros2_ws/install/smartcart_controller:/home/ed/ros2_ws/src/install/smartcart_controller:/opt/ros/humble /usr/bin/cmake --build /home/ed/ros2_ws/build/v4l2_camera -- -j4 -l4
