[5.065s] Invoking command in '/home/ed/ros2_ws/build/v4l2_camera': CMAKE_PREFIX_PATH=/home/ed/ros2_ws/install/smartcart_controller:/home/ed/ros2_ws/src/install/smartcart_controller:/opt/ros/humble /usr/bin/cmake --build /home/ed/ros2_ws/build/v4l2_camera -- -j4 -l4
[5.347s] [35m[1mConsolidate compiler generated dependencies of target v4l2_camera[0m
[5.489s] [ 14%] [32mBuilding CXX object CMakeFiles/v4l2_camera.dir/src/v4l2_camera.cpp.o[0m
[27.838s] In file included from [01m[K/opt/ros/humble/include/rclcpp/rclcpp/logging.hpp:24[m[K,
[27.841s]                  from [01m[K/opt/ros/humble/include/rclcpp/rclcpp/client.hpp:40[m[K,
[27.842s]                  from [01m[K/opt/ros/humble/include/rclcpp/rclcpp/callback_group.hpp:24[m[K,
[27.843s]                  from [01m[K/opt/ros/humble/include/rclcpp/rclcpp/node.hpp:40[m[K,
[27.843s]                  from [01m[K/opt/ros/humble/include/camera_info_manager/camera_info_manager/camera_info_manager.hpp:45[m[K,
[27.845s]                  from [01m[K/home/ed/ros2_ws/src/ros2_v4l2_camera/include/v4l2_camera/v4l2_camera.hpp:20[m[K,
[27.862s]                  from [01m[K/home/ed/ros2_ws/src/ros2_v4l2_camera/src/v4l2_camera.cpp:15[m[K:
[27.863s] [01m[K/home/ed/ros2_ws/src/ros2_v4l2_camera/src/v4l2_camera.cpp:[m[K In member function â€˜[01m[Kbool v4l2_camera::V4L2Camera::requestImageSize(const std::vector<long int, std::allocator<long int> >&)[m[Kâ€™:
[27.878s] [01m[K/home/ed/ros2_ws/src/ros2_v4l2_camera/src/v4l2_camera.cpp:365:7:[m[K [01;31m[Kerror: [m[Kformat â€˜[01m[K%d[m[Kâ€™ expects argument of type â€˜[01m[Kint[m[Kâ€™, but argument 5 has type â€˜[01m[Kstd::vector<long int, std::allocator<long int> >::size_type[m[Kâ€™ {aka â€˜[01m[Klong unsigned int[m[Kâ€™} [[01;31m[K]8;;https://gcc.gnu.org/onlinedocs/gcc/Warning-Options.html#index-Wformat=-Werror=format=]8;;[m[K]
[27.880s]   365 |       [01;31m[K"Invalid image size; expected dimensions: 2, actual: %d"[m[K,
[27.881s]       |       [01;31m[K^~~~~~~~~~~~~~~~~~~~~~~~~~~~~~~~~~~~~~~~~~~~~~~~~~~~~~~~[m[K
[27.882s]   366 |       [32m[Ksize.size()[m[K);
[27.883s]       |       [32m[K~~~~~~~~~~~[m[K
[27.883s]       |                [32m[K|[m[K
[27.884s]       |                [32m[Kstd::vector<long int, std::allocator<long int> >::size_type {aka long unsigned int}[m[K
[27.885s] [01m[K/home/ed/ros2_ws/src/ros2_v4l2_camera/src/v4l2_camera.cpp:365:61:[m[K [01;36m[Knote: [m[Kformat string is defined here
[27.892s]   365 |       "Invalid image size; expected dimensions: 2, actual: [01;36m[K%d[m[K",
[27.894s]       |                                                            [01;36m[K~^[m[K
[27.894s]       |                                                             [01;36m[K|[m[K
[27.895s]       |                                                             [01;36m[Kint[m[K
[27.896s]       |                                                            [32m[K%ld[m[K
[27.897s] In file included from [01m[K/opt/ros/humble/include/rclcpp/rclcpp/logging.hpp:24[m[K,
[27.913s]                  from [01m[K/opt/ros/humble/include/rclcpp/rclcpp/client.hpp:40[m[K,
[27.915s]                  from [01m[K/opt/ros/humble/include/rclcpp/rclcpp/callback_group.hpp:24[m[K,
[27.917s]                  from [01m[K/opt/ros/humble/include/rclcpp/rclcpp/node.hpp:40[m[K,
[27.918s]                  from [01m[K/opt/ros/humble/include/camera_info_manager/camera_info_manager/camera_info_manager.hpp:45[m[K,
[27.919s]                  from [01m[K/home/ed/ros2_ws/src/ros2_v4l2_camera/include/v4l2_camera/v4l2_camera.hpp:20[m[K,
[27.920s]                  from [01m[K/home/ed/ros2_ws/src/ros2_v4l2_camera/src/v4l2_camera.cpp:15[m[K:
[27.935s] [01m[K/home/ed/ros2_ws/src/ros2_v4l2_camera/src/v4l2_camera.cpp:[m[K In member function â€˜[01m[Kbool v4l2_camera::V4L2Camera::requestTimePerFrame(const TimePerFrame&)[m[Kâ€™:
[27.937s] [01m[K/home/ed/ros2_ws/src/ros2_v4l2_camera/src/v4l2_camera.cpp:386:7:[m[K [01;31m[Kerror: [m[Kformat â€˜[01m[K%d[m[Kâ€™ expects argument of type â€˜[01m[Kint[m[Kâ€™, but argument 5 has type â€˜[01m[Kstd::vector<long int, std::allocator<long int> >::size_type[m[Kâ€™ {aka â€˜[01m[Klong unsigned int[m[Kâ€™} [[01;31m[K]8;;https://gcc.gnu.org/onlinedocs/gcc/Warning-Options.html#index-Wformat=-Werror=format=]8;;[m[K]
[27.944s]   386 |       [01;31m[K"Invalid time per frame; expected dimensions: 2, actual: %d"[m[K,
[27.951s]       |       [01;31m[K^~~~~~~~~~~~~~~~~~~~~~~~~~~~~~~~~~~~~~~~~~~~~~~~~~~~~~~~~~~~[m[K
[27.952s]   387 |       [32m[Ktpf.size()[m[K);
[27.953s]       |       [32m[K~~~~~~~~~~[m[K
[27.954s]       |               [32m[K|[m[K
[27.956s]       |               [32m[Kstd::vector<long int, std::allocator<long int> >::size_type {aka long unsigned int}[m[K
[27.956s] [01m[K/home/ed/ros2_ws/src/ros2_v4l2_camera/src/v4l2_camera.cpp:386:65:[m[K [01;36m[Knote: [m[Kformat string is defined here
[27.960s]   386 |       "Invalid time per frame; expected dimensions: 2, actual: [01;36m[K%d[m[K",
[27.966s]       |                                                                [01;36m[K~^[m[K
[27.966s]       |                                                                 [01;36m[K|[m[K
[27.967s]       |                                                                 [01;36m[Kint[m[K
[27.968s]       |                                                                [32m[K%ld[m[K
[55.157s] cc1plus: all warnings being treated as errors
[55.304s] gmake[2]: *** [CMakeFiles/v4l2_camera.dir/build.make:76: CMakeFiles/v4l2_camera.dir/src/v4l2_camera.cpp.o] Error 1
[55.323s] gmake[1]: *** [CMakeFiles/Makefile2:141: CMakeFiles/v4l2_camera.dir/all] Error 2
[55.325s] gmake: *** [Makefile:146: all] Error 2
[55.345s] Invoked command in '/home/ed/ros2_ws/build/v4l2_camera' returned '2': CMAKE_PREFIX_PATH=/home/ed/ros2_ws/install/smartcart_controller:/home/ed/ros2_ws/src/install/smartcart_controller:/opt/ros/humble /usr/bin/cmake --build /home/ed/ros2_ws/build/v4l2_camera -- -j4 -l4
