[2.100s] Invoking command in '/home/ed/ros2_ws/build/v4l2_camera': CMAKE_PREFIX_PATH=/home/ed/ros2_ws/src/install/smartcart_controller:/home/ed/ros2_ws/install/smartcart_controller:/opt/ros/humble /usr/bin/cmake /home/ed/ros2_ws/src/ros2_v4l2_camera -DCMAKE_INSTALL_PREFIX=/home/ed/ros2_ws/install/v4l2_camera
[2.428s] -- The C compiler identification is GNU 11.4.0
[2.720s] -- The CXX compiler identification is GNU 11.4.0
[2.751s] -- Detecting C compiler ABI info
[3.105s] -- Detecting C compiler ABI info - done
[3.130s] -- Check for working C compiler: /usr/bin/cc - skipped
[3.132s] -- Detecting C compile features
[3.134s] -- Detecting C compile features - done
[3.147s] -- Detecting CXX compiler ABI info
[3.539s] -- Detecting CXX compiler ABI info - done
[3.566s] -- Check for working CXX compiler: /usr/bin/c++ - skipped
[3.567s] -- Detecting CXX compile features
[3.569s] -- Detecting CXX compile features - done
[3.599s] -- Found ament_cmake: 1.3.7 (/opt/ros/humble/share/ament_cmake/cmake)
[4.728s] -- Found Python3: /usr/bin/python3.10 (found version "3.10.12") found components: Interpreter 
[5.371s] -- Found ament_cmake_ros: 0.10.0 (/opt/ros/humble/share/ament_cmake_ros/cmake)
[5.458s] -- Found rclcpp: 16.0.8 (/opt/ros/humble/share/rclcpp/cmake)
[5.853s] -- Found rosidl_generator_c: 3.1.5 (/opt/ros/humble/share/rosidl_generator_c/cmake)
[5.902s] -- Found rosidl_adapter: 3.1.5 (/opt/ros/humble/share/rosidl_adapter/cmake)
[5.971s] -- Found rosidl_generator_cpp: 3.1.5 (/opt/ros/humble/share/rosidl_generator_cpp/cmake)
[6.061s] -- Using all available rosidl_typesupport_c: rosidl_typesupport_fastrtps_c;rosidl_typesupport_introspection_c
[6.198s] -- Using all available rosidl_typesupport_cpp: rosidl_typesupport_fastrtps_cpp;rosidl_typesupport_introspection_cpp
[6.631s] -- Found rmw_implementation_cmake: 6.1.1 (/opt/ros/humble/share/rmw_implementation_cmake/cmake)
[6.656s] -- Found rmw_fastrtps_cpp: 6.2.6 (/opt/ros/humble/share/rmw_fastrtps_cpp/cmake)
[7.354s] -- Found OpenSSL: /usr/lib/aarch64-linux-gnu/libcrypto.so (found version "3.0.2")  
[7.629s] -- Found FastRTPS: /opt/ros/humble/include  
[8.086s] -- Using RMW implementation 'rmw_fastrtps_cpp' as default
[8.174s] -- Looking for pthread.h
[8.547s] -- Looking for pthread.h - found
[8.548s] -- Performing Test CMAKE_HAVE_LIBC_PTHREAD
[8.970s] -- Performing Test CMAKE_HAVE_LIBC_PTHREAD - Success
[8.974s] -- Found Threads: TRUE  
[9.692s] -- Found rclcpp_components: 16.0.8 (/opt/ros/humble/share/rclcpp_components/cmake)
[10.068s] -- Found image_transport: 3.1.8 (/opt/ros/humble/share/image_transport/cmake)
[10.917s] -- Found camera_info_manager: 3.1.8 (/opt/ros/humble/share/camera_info_manager/cmake)
[11.150s] -- Found ament_lint_auto: 0.12.10 (/opt/ros/humble/share/ament_lint_auto/cmake)
[11.682s] -- Added test 'cppcheck' to perform static code analysis on C / C++ code
[11.683s] -- Configured cppcheck include dirs: $<BUILD_INTERFACE:/home/ed/ros2_ws/src/ros2_v4l2_camera/include>
[11.683s] -- Configured cppcheck exclude dirs and/or files: 
[11.719s] -- Added test 'cpplint' to check C / C++ code against the Google style
[11.719s] -- Configured cpplint exclude dirs and/or files: 
[11.733s] -- Added test 'lint_cmake' to check CMake code style
[11.773s] -- Added test 'uncrustify' to check C / C++ code style
[11.774s] -- Configured uncrustify additional arguments: 
[11.779s] -- Added test 'xmllint' to check XML markup files
[11.800s] -- Configuring done
[11.914s] -- Generating done
[11.923s] -- Build files have been written to: /home/ed/ros2_ws/build/v4l2_camera
[11.976s] Invoked command in '/home/ed/ros2_ws/build/v4l2_camera' returned '0': CMAKE_PREFIX_PATH=/home/ed/ros2_ws/src/install/smartcart_controller:/home/ed/ros2_ws/install/smartcart_controller:/opt/ros/humble /usr/bin/cmake /home/ed/ros2_ws/src/ros2_v4l2_camera -DCMAKE_INSTALL_PREFIX=/home/ed/ros2_ws/install/v4l2_camera
[11.986s] Invoking command in '/home/ed/ros2_ws/build/v4l2_camera': CMAKE_PREFIX_PATH=/home/ed/ros2_ws/src/install/smartcart_controller:/home/ed/ros2_ws/install/smartcart_controller:/opt/ros/humble /usr/bin/cmake --build /home/ed/ros2_ws/build/v4l2_camera -- -j4 -l4
[12.232s] [ 14%] [32mBuilding CXX object CMakeFiles/v4l2_camera.dir/src/v4l2_camera_device.cpp.o[0m
[12.237s] [ 28%] [32mBuilding CXX object CMakeFiles/v4l2_camera.dir/src/v4l2_camera.cpp.o[0m
[25.671s] In file included from [01m[K/opt/ros/humble/include/rclcpp/rclcpp/logging.hpp:24[m[K,
[25.672s]                  from [01m[K/opt/ros/humble/include/rclcpp/rclcpp/client.hpp:40[m[K,
[25.672s]                  from [01m[K/opt/ros/humble/include/rclcpp/rclcpp/callback_group.hpp:24[m[K,
[25.674s]                  from [01m[K/opt/ros/humble/include/rclcpp/rclcpp/node.hpp:40[m[K,
[25.676s]                  from [01m[K/opt/ros/humble/include/camera_info_manager/camera_info_manager/camera_info_manager.hpp:45[m[K,
[25.677s]                  from [01m[K/home/ed/ros2_ws/src/ros2_v4l2_camera/include/v4l2_camera/v4l2_camera.hpp:20[m[K,
[25.678s]                  from [01m[K/home/ed/ros2_ws/src/ros2_v4l2_camera/src/v4l2_camera.cpp:15[m[K:
[25.679s] [01m[K/home/ed/ros2_ws/src/ros2_v4l2_camera/src/v4l2_camera.cpp:[m[K In member function â€˜[01m[Kbool v4l2_camera::V4L2Camera::requestImageSize(const std::vector<long int, std::allocator<long int> >&)[m[Kâ€™:
[25.680s] [01m[K/home/ed/ros2_ws/src/ros2_v4l2_camera/src/v4l2_camera.cpp:365:7:[m[K [01;31m[Kerror: [m[Kformat â€˜[01m[K%d[m[Kâ€™ expects argument of type â€˜[01m[Kint[m[Kâ€™, but argument 5 has type â€˜[01m[Kstd::vector<long int, std::allocator<long int> >::size_type[m[Kâ€™ {aka â€˜[01m[Klong unsigned int[m[Kâ€™} [[01;31m[K]8;;https://gcc.gnu.org/onlinedocs/gcc/Warning-Options.html#index-Wformat=-Werror=format=]8;;[m[K]
[25.686s]   365 |       [01;31m[K"Invalid image size; expected dimensions: 2, actual: %d"[m[K,
[25.686s]       |       [01;31m[K^~~~~~~~~~~~~~~~~~~~~~~~~~~~~~~~~~~~~~~~~~~~~~~~~~~~~~~~[m[K
[25.687s]   366 |       [32m[Ksize.size()[m[K);
[25.687s]       |       [32m[K~~~~~~~~~~~[m[K
[25.688s]       |                [32m[K|[m[K
[25.689s]       |                [32m[Kstd::vector<long int, std::allocator<long int> >::size_type {aka long unsigned int}[m[K
[25.689s] [01m[K/home/ed/ros2_ws/src/ros2_v4l2_camera/src/v4l2_camera.cpp:365:61:[m[K [01;36m[Knote: [m[Kformat string is defined here
[25.690s]   365 |       "Invalid image size; expected dimensions: 2, actual: [01;36m[K%d[m[K",
[25.690s]       |                                                            [01;36m[K~^[m[K
[25.691s]       |                                                             [01;36m[K|[m[K
[25.691s]       |                                                             [01;36m[Kint[m[K
[25.692s]       |                                                            [32m[K%ld[m[K
[25.692s] In file included from [01m[K/opt/ros/humble/include/rclcpp/rclcpp/logging.hpp:24[m[K,
[25.694s]                  from [01m[K/opt/ros/humble/include/rclcpp/rclcpp/client.hpp:40[m[K,
[25.695s]                  from [01m[K/opt/ros/humble/include/rclcpp/rclcpp/callback_group.hpp:24[m[K,
[25.695s]                  from [01m[K/opt/ros/humble/include/rclcpp/rclcpp/node.hpp:40[m[K,
[25.696s]                  from [01m[K/opt/ros/humble/include/camera_info_manager/camera_info_manager/camera_info_manager.hpp:45[m[K,
[25.696s]                  from [01m[K/home/ed/ros2_ws/src/ros2_v4l2_camera/include/v4l2_camera/v4l2_camera.hpp:20[m[K,
[25.697s]                  from [01m[K/home/ed/ros2_ws/src/ros2_v4l2_camera/src/v4l2_camera.cpp:15[m[K:
[25.698s] [01m[K/home/ed/ros2_ws/src/ros2_v4l2_camera/src/v4l2_camera.cpp:[m[K In member function â€˜[01m[Kbool v4l2_camera::V4L2Camera::requestTimePerFrame(const TimePerFrame&)[m[Kâ€™:
[25.698s] [01m[K/home/ed/ros2_ws/src/ros2_v4l2_camera/src/v4l2_camera.cpp:386:7:[m[K [01;31m[Kerror: [m[Kformat â€˜[01m[K%d[m[Kâ€™ expects argument of type â€˜[01m[Kint[m[Kâ€™, but argument 5 has type â€˜[01m[Kstd::vector<long int, std::allocator<long int> >::size_type[m[Kâ€™ {aka â€˜[01m[Klong unsigned int[m[Kâ€™} [[01;31m[K]8;;https://gcc.gnu.org/onlinedocs/gcc/Warning-Options.html#index-Wformat=-Werror=format=]8;;[m[K]
[25.699s]   386 |       [01;31m[K"Invalid time per frame; expected dimensions: 2, actual: %d"[m[K,
[25.700s]       |       [01;31m[K^~~~~~~~~~~~~~~~~~~~~~~~~~~~~~~~~~~~~~~~~~~~~~~~~~~~~~~~~~~~[m[K
[25.700s]   387 |       [32m[Ktpf.size()[m[K);
[25.701s]       |       [32m[K~~~~~~~~~~[m[K
[25.701s]       |               [32m[K|[m[K
[25.702s]       |               [32m[Kstd::vector<long int, std::allocator<long int> >::size_type {aka long unsigned int}[m[K
[25.703s] [01m[K/home/ed/ros2_ws/src/ros2_v4l2_camera/src/v4l2_camera.cpp:386:65:[m[K [01;36m[Knote: [m[Kformat string is defined here
[25.703s]   386 |       "Invalid time per frame; expected dimensions: 2, actual: [01;36m[K%d[m[K",
[25.704s]       |                                                                [01;36m[K~^[m[K
[25.704s]       |                                                                 [01;36m[K|[m[K
[25.705s]       |                                                                 [01;36m[Kint[m[K
[25.706s]       |                                                                [32m[K%ld[m[K
[38.273s] cc1plus: all warnings being treated as errors
[38.460s] gmake[2]: *** [CMakeFiles/v4l2_camera.dir/build.make:76: CMakeFiles/v4l2_camera.dir/src/v4l2_camera.cpp.o] Error 1
[38.461s] gmake[1]: *** [CMakeFiles/Makefile2:141: CMakeFiles/v4l2_camera.dir/all] Error 2
[38.463s] gmake: *** [Makefile:146: all] Error 2
[38.473s] Invoked command in '/home/ed/ros2_ws/build/v4l2_camera' returned '2': CMAKE_PREFIX_PATH=/home/ed/ros2_ws/src/install/smartcart_controller:/home/ed/ros2_ws/install/smartcart_controller:/opt/ros/humble /usr/bin/cmake --build /home/ed/ros2_ws/build/v4l2_camera -- -j4 -l4
