[3.920s] Invoking command in '/home/ed/ros2_ws/build/v4l2_camera': CMAKE_PREFIX_PATH=/home/ed/ros2_ws/install/smartcart_controller:/home/ed/ros2_ws/src/install/smartcart_controller:/opt/ros/humble /usr/bin/cmake --build /home/ed/ros2_ws/build/v4l2_camera -- -j4 -l4
[4.535s] [35m[1mConsolidate compiler generated dependencies of target v4l2_camera[0m
[4.658s] [ 14%] [32mBuilding CXX object CMakeFiles/v4l2_camera.dir/src/v4l2_camera.cpp.o[0m
[19.990s] In file included from [01m[K/opt/ros/humble/include/rclcpp/rclcpp/logging.hpp:24[m[K,
[19.991s]                  from [01m[K/opt/ros/humble/include/rclcpp/rclcpp/client.hpp:40[m[K,
[19.991s]                  from [01m[K/opt/ros/humble/include/rclcpp/rclcpp/callback_group.hpp:24[m[K,
[19.992s]                  from [01m[K/opt/ros/humble/include/rclcpp/rclcpp/node.hpp:40[m[K,
[19.994s]                  from [01m[K/opt/ros/humble/include/camera_info_manager/camera_info_manager/camera_info_manager.hpp:45[m[K,
[19.995s]                  from [01m[K/home/ed/ros2_ws/src/ros2_v4l2_camera/include/v4l2_camera/v4l2_camera.hpp:20[m[K,
[19.996s]                  from [01m[K/home/ed/ros2_ws/src/ros2_v4l2_camera/src/v4l2_camera.cpp:15[m[K:
[19.996s] [01m[K/home/ed/ros2_ws/src/ros2_v4l2_camera/src/v4l2_camera.cpp:[m[K In member function â€˜[01m[Kbool v4l2_camera::V4L2Camera::requestImageSize(const std::vector<long int, std::allocator<long int> >&)[m[Kâ€™:
[19.997s] [01m[K/home/ed/ros2_ws/src/ros2_v4l2_camera/src/v4l2_camera.cpp:365:7:[m[K [01;31m[Kerror: [m[Kformat â€˜[01m[K%d[m[Kâ€™ expects argument of type â€˜[01m[Kint[m[Kâ€™, but argument 5 has type â€˜[01m[Kstd::vector<long int, std::allocator<long int> >::size_type[m[Kâ€™ {aka â€˜[01m[Klong unsigned int[m[Kâ€™} [[01;31m[K]8;;https://gcc.gnu.org/onlinedocs/gcc/Warning-Options.html#index-Wformat=-Werror=format=]8;;[m[K]
[19.998s]   365 |       [01;31m[K"Invalid image size; expected dimensions: 2, actual: %d"[m[K,
[19.999s]       |       [01;31m[K^~~~~~~~~~~~~~~~~~~~~~~~~~~~~~~~~~~~~~~~~~~~~~~~~~~~~~~~[m[K
[20.000s]   366 |       [32m[Ksize.size()[m[K);
[20.003s]       |       [32m[K~~~~~~~~~~~[m[K
[20.004s]       |                [32m[K|[m[K
[20.005s]       |                [32m[Kstd::vector<long int, std::allocator<long int> >::size_type {aka long unsigned int}[m[K
[20.005s] [01m[K/home/ed/ros2_ws/src/ros2_v4l2_camera/src/v4l2_camera.cpp:365:61:[m[K [01;36m[Knote: [m[Kformat string is defined here
[20.006s]   365 |       "Invalid image size; expected dimensions: 2, actual: [01;36m[K%d[m[K",
[20.006s]       |                                                            [01;36m[K~^[m[K
[20.007s]       |                                                             [01;36m[K|[m[K
[20.007s]       |                                                             [01;36m[Kint[m[K
[20.008s]       |                                                            [32m[K%ld[m[K
[20.009s] In file included from [01m[K/opt/ros/humble/include/rclcpp/rclcpp/logging.hpp:24[m[K,
[20.010s]                  from [01m[K/opt/ros/humble/include/rclcpp/rclcpp/client.hpp:40[m[K,
[20.010s]                  from [01m[K/opt/ros/humble/include/rclcpp/rclcpp/callback_group.hpp:24[m[K,
[20.011s]                  from [01m[K/opt/ros/humble/include/rclcpp/rclcpp/node.hpp:40[m[K,
[20.011s]                  from [01m[K/opt/ros/humble/include/camera_info_manager/camera_info_manager/camera_info_manager.hpp:45[m[K,
[20.012s]                  from [01m[K/home/ed/ros2_ws/src/ros2_v4l2_camera/include/v4l2_camera/v4l2_camera.hpp:20[m[K,
[20.013s]                  from [01m[K/home/ed/ros2_ws/src/ros2_v4l2_camera/src/v4l2_camera.cpp:15[m[K:
[20.014s] [01m[K/home/ed/ros2_ws/src/ros2_v4l2_camera/src/v4l2_camera.cpp:[m[K In member function â€˜[01m[Kbool v4l2_camera::V4L2Camera::requestTimePerFrame(const TimePerFrame&)[m[Kâ€™:
[20.015s] [01m[K/home/ed/ros2_ws/src/ros2_v4l2_camera/src/v4l2_camera.cpp:386:7:[m[K [01;31m[Kerror: [m[Kformat â€˜[01m[K%d[m[Kâ€™ expects argument of type â€˜[01m[Kint[m[Kâ€™, but argument 5 has type â€˜[01m[Kstd::vector<long int, std::allocator<long int> >::size_type[m[Kâ€™ {aka â€˜[01m[Klong unsigned int[m[Kâ€™} [[01;31m[K]8;;https://gcc.gnu.org/onlinedocs/gcc/Warning-Options.html#index-Wformat=-Werror=format=]8;;[m[K]
[20.015s]   386 |       [01;31m[K"Invalid time per frame; expected dimensions: 2, actual: %d"[m[K,
[20.016s]       |       [01;31m[K^~~~~~~~~~~~~~~~~~~~~~~~~~~~~~~~~~~~~~~~~~~~~~~~~~~~~~~~~~~~[m[K
[20.017s]   387 |       [32m[Ktpf.size()[m[K);
[20.022s]       |       [32m[K~~~~~~~~~~[m[K
[20.023s]       |               [32m[K|[m[K
[20.024s]       |               [32m[Kstd::vector<long int, std::allocator<long int> >::size_type {aka long unsigned int}[m[K
[20.025s] [01m[K/home/ed/ros2_ws/src/ros2_v4l2_camera/src/v4l2_camera.cpp:386:65:[m[K [01;36m[Knote: [m[Kformat string is defined here
[20.026s]   386 |       "Invalid time per frame; expected dimensions: 2, actual: [01;36m[K%d[m[K",
[20.027s]       |                                                                [01;36m[K~^[m[K
[20.027s]       |                                                                 [01;36m[K|[m[K
[20.028s]       |                                                                 [01;36m[Kint[m[K
[20.029s]       |                                                                [32m[K%ld[m[K
[33.687s] cc1plus: all warnings being treated as errors
[33.812s] gmake[2]: *** [CMakeFiles/v4l2_camera.dir/build.make:76: CMakeFiles/v4l2_camera.dir/src/v4l2_camera.cpp.o] Error 1
[33.813s] gmake[1]: *** [CMakeFiles/Makefile2:141: CMakeFiles/v4l2_camera.dir/all] Error 2
[33.814s] gmake: *** [Makefile:146: all] Error 2
[33.824s] Invoked command in '/home/ed/ros2_ws/build/v4l2_camera' returned '2': CMAKE_PREFIX_PATH=/home/ed/ros2_ws/install/smartcart_controller:/home/ed/ros2_ws/src/install/smartcart_controller:/opt/ros/humble /usr/bin/cmake --build /home/ed/ros2_ws/build/v4l2_camera -- -j4 -l4
